<testcase>
	<brief>feature test cases</brief>
	<priority>low</priority>
	<automated>yes</automated>
	<description>
		Verifiy the Client SLA under user profile
	</description>
	<numofap>0</numofap>
	<tbtype>winlin</tbtype>
	
	<pre-process>
		<stage>
			<step no="0">
				<desc>Initialize the DUT db</desc>
				<call step="init.cloud.server" />
			</step>
		</stage>
	</pre-process>
	<post-process>
		<stage>
			<step no="0">
				<desc>Clean up the DUT db</desc>
				<call step="cleanup.cloud.server" />
			</step>
		</stage>
	</post-process>
	
	<pre-process />
	<!--Get the devcie info from actual AP after Cloud 3.0 can push configuration to device  -->
	<desc>
		user-profile UserProfile10 qos-policy def-user-qos vlan-id 10 attribute 10
		user-profile UserProfile10 performance-sentinel enable
		user-profile UserProfile10 performance-sentinel guaranteed-bandwidth 12345
	</desc>
	
	<property name="slaBandwidth" value="12345" />
	<property name="ap.mac" value="000011112222" />
	<property name="tb.fileserver" value="10.155.40.181" />
	<property name="owner.id" value="102" />
	<property name="vlan.id" value="10" />
	<property name="userprofile.id" value="10" />
	
	<declaration>
		
		<step name = "create.client.sla.profile" description=""> 
			<restapi name = "createClientSlaSettings">
				{
				"ownerId" : 102,
				"predefined" : false, 
				"slaEnable" : true, 
				"slaBandwidth" : ${slaBandwidth}, 
				"actionType" : "LOG"
				}	
			</restapi>
		</step>	
	
		<step name="create.user.profile" description="">
			<restapi name = "createUserProfile">
				{
				"jsonType" : "user-profile",
				"ownerId" : 102,
				"name" : "UserProfile10",
				"predefined" : false,
				"vlan" : {
				"jsonType" : "vlan",
				"ownerId" : 102,
				"name" : "Aerohive_VlanProfile",
				"description" : "Vlan Profile for Demo",
				"predefined" : false,
				"entries" : [ {
				"ownerId" : 102,
				"tags" : [ ],
				"vlanNumber" : ${vlan.id}
				} ]
				},
				"enableFirewall" : false,	
				"enableSchedule" : false,
				"schedules" : [ ],
				"enableTrafficTunneling" : false,
				"enableClientSla" : true,
				"clientSlaSettingsId" : refIdInTestStep = "create.client.sla.profile",
				"enableQos" : false,
				"restriction" : "DENY_CAR",
				"enableClassification" : false
				}
			</restapi>
	</step>
		<step name="create.ssid.profile" description="">
			<restapi name = "createSsidProfile">
				{
				"jsonType" : "ssid-profile",
				"ownerId" : 102,
				"name" : "ssid profile 1",
				"ssid" : "ssid profile 1",
				"description" : "a ssid profile for integration test",
				"radioBand" : "DUAL",
				"ssidUsageIndustry" : "ENTERPRISE",
				"ssidUsageUserGroup" : "STAFF_AND_TEACHERS",
				"accessSecurity": {
				"jsonType": "802DOT1X",
				"ownerId": 102,
				"keyManagement": "WEP_8021X",
				"encryptionMethod": "CCMP",
				"keyType": "HEX",
				"keyValue": "gzCoghUgcL115BMiddQxCWAdn7xk0fqy6S7ExRNP3pKC46ID5p63N2IUpgQ1wPQB"
				},
				"defaultUserProfile" : refObjectInTestStep = "create.user.profile"
				}
			</restapi>
		</step>	
		<step name="create.network.policy" description="">
			<restapi name = "createNetworkPolicy">
				{
				"ownerId" : 102,
				"name" : "Aerohive_UserProfile10",
				"type" : "NetworkAccessAndSwitching"
				}
			</restapi>
		</step>
		
		<!--This step should be removed after Could 3.0 can push configuration to device-->
		<step name="create.device.1.ap330.v6101.as.ap">
			<restapi name = "createDevice">
				{
				"ownerId":102,
				"ipAddress": "10.155.21.21",
				"macAddress":"000011112222",
				"hostname":"virtual device for test",
				"serialNumber":"1111222233334444",
				"productType":"AP_330",
				"softwareVersion": "6.1.0.1",
				"role":19050,
				"function":"Ap",
				"adminState":"UNMANAGED",
				"isConnected":true
				}
			</restapi>
		</step>
		<step name="add.ssid.profile.into.network.policy" description="">
			<restapi name = "assignfeature">
				{
				"jsonType" : "network_policy",
				"networkPolicyId" : refIdInTestStep = "create.network.policy",
				"featureId" : refIdInTestStep = "create.ssid.profile"
				}
			</restapi>
		</step>
		<step name="assign.network.policy.to.device" description="">
			<restapi name = "assignnetworkpolicy">
				{
				"device" : refObjectInTestStep = "create.device.1.ap330.v6101.as.ap",
				"networkPolicy" : refObjectInTestStep = "create.network.policy"
				}
			</restapi>
		</step>

		<step name="download.cli.to.device" description="">
			<restapi name = "downloadcli">
				{
				"networkPolicyId" : refIdInTestStep = "create.network.policy",
				"deviceIds" : [ refIdInTestStep = "create.device.1.ap330.v6101.as.ap"],
				"configDownloadTypes" : [ "deviceFull"]
				}
			</restapi>
		</step>
	</declaration>

	<stage>
		<step no="1">
			<call step="create.client.sla.profile" />
			<failed>next</failed>
		</step>
		<step no="2">
			<call step="create.user.profile" />
			<failed>next</failed>
		</step>
		<step no="3">
			<call step="create.ssid.profile" />
			<failed>next</failed>
		</step>
		<step no="4">
			<call step="create.network.policy" />
			<failed>next</failed>
		</step>
		<step no="5">
			<call step="create.device.1.ap330.v6101.as.ap" />
			<failed>next</failed>
		</step>
		<step no="6">
			<call step="assign.network.policy.to.device" />
			<failed>next</failed>
		</step>
		<step no="7">
			<call step="download.cli.to.device" />
			<failed>next</failed>
		</step>
		<step no="8">
			<ssh target="${tb.fileserver}" user="root">
				-v "cat /var/data/fileserver/configuration/${owner.id}/${ap.mac}-deviceFull.config"
			</ssh>
			<desc> Verify the client SLA can be correctly enable to user pofile.</desc>			
			<log-match>-i "user-profile UserProfile10 performance-sentinel enable"</log-match>
 			<log-match>-i "user-profile UserProfile10 performance-sentinel guaranteed-bandwidth ${slaBandwidth}"</log-match>
		
		</step>
	</stage>
	<failed-process />
	<post-process />
</testcase>
